[
  {
    "level_": 0,
    "message_": "android.ndkVersion from module build.gradle is [25.1.8937393]",
    "file_": "",
    "tag_": "",
    "diagnosticCode_": 0,
    "memoizedIsInitialized": 1,
    "unknownFields": {
      "fields": {},
      "fieldsDescending": {}
    },
    "memoizedSize": -1,
    "memoizedHashCode": 626881156
  },
  {
    "level_": 0,
    "message_": "android.ndkPath from module build.gradle is not set",
    "file_": "",
    "tag_": "",
    "diagnosticCode_": 0,
    "memoizedIsInitialized": 1,
    "unknownFields": {
      "fields": {},
      "fieldsDescending": {}
    },
    "memoizedSize": -1,
    "memoizedHashCode": -684413562
  },
  {
    "level_": 0,
    "message_": "ndk.dir in local.properties is not set",
    "file_": "",
    "tag_": "",
    "diagnosticCode_": 0,
    "memoizedIsInitialized": 1,
    "unknownFields": {
      "fields": {},
      "fieldsDescending": {}
    },
    "memoizedSize": -1,
    "memoizedHashCode": 20047631
  },
  {
    "level_": 0,
    "message_": "Not considering ANDROID_NDK_HOME because support was removed after deprecation period.",
    "file_": "",
    "tag_": "",
    "diagnosticCode_": 0,
    "memoizedIsInitialized": 1,
    "unknownFields": {
      "fields": {},
      "fieldsDescending": {}
    },
    "memoizedSize": -1,
    "memoizedHashCode": 1882861701
  },
  {
    "level_": 0,
    "message_": "sdkFolder is C:\\Users\\14035\\AppData\\Local\\Android\\Sdk",
    "file_": "",
    "tag_": "",
    "diagnosticCode_": 0,
    "memoizedIsInitialized": 1,
    "unknownFields": {
      "fields": {},
      "fieldsDescending": {}
    },
    "memoizedSize": -1,
    "memoizedHashCode": -1689335060
  }
]